<?xml version="1.0" encoding="UTF-8"?>
<!-- Generated by org.testng.reporters.JUnitReportReporter -->
<testsuite hostname="DESKTOP-GQOLLVJ" failures="1" tests="1" name="com.test.A" time="5.939" errors="0" timestamp="2022-12-13T17:53:40 IST" skipped="0">
  <testcase classname="com.test.A" name="CheckUserList" time="5.939">
    <failure message="expected [[#, Username, Email, Mobile, Course, Gender, State, Action, excepted Label &gt;&gt; [#, Username, Email, Mobile, Course, Gender, State, Action]]] but found [[[ChromeDriver: chrome on WINDOWS (80d13263d11f0f77bfc4910fe4f06a39)] -&gt; xpath: /html/body/div[1]/div[1]/section[2]/div/div/div/div[2]/table/tbody/tr[1]]]" type="java.lang.AssertionError">
      <![CDATA[java.lang.AssertionError: expected [[#, Username, Email, Mobile, Course, Gender, State, Action, excepted Label >> [#, Username, Email, Mobile, Course, Gender, State, Action]]] but found [[[ChromeDriver: chrome on WINDOWS (80d13263d11f0f77bfc4910fe4f06a39)] -> xpath: /html/body/div[1]/div[1]/section[2]/div/div/div/div[2]/table/tbody/tr[1]]]
at org.testng.Assert.fail(Assert.java:99)
at org.testng.Assert.failNotEquals(Assert.java:1037)
at org.testng.Assert.assertEqualsImpl(Assert.java:140)
at org.testng.Assert.assertEquals(Assert.java:122)
at org.testng.Assert.assertEquals(Assert.java:617)
at com.test.A.CheckUserList(A.java:279)
at java.base/jdk.internal.reflect.DirectMethodHandleAccessor.invoke(DirectMethodHandleAccessor.java:104)
at java.base/java.lang.reflect.Method.invoke(Method.java:577)
at org.testng.internal.MethodInvocationHelper.invokeMethod(MethodInvocationHelper.java:133)
at org.testng.internal.TestInvoker.invokeMethod(TestInvoker.java:598)
at org.testng.internal.TestInvoker.invokeTestMethod(TestInvoker.java:173)
at org.testng.internal.MethodRunner.runInSequence(MethodRunner.java:46)
at org.testng.internal.TestInvoker$MethodInvocationAgent.invoke(TestInvoker.java:824)
at org.testng.internal.TestInvoker.invokeTestMethods(TestInvoker.java:146)
at org.testng.internal.TestMethodWorker.invokeTestMethods(TestMethodWorker.java:146)
at org.testng.internal.TestMethodWorker.run(TestMethodWorker.java:128)
at java.base/java.util.ArrayList.forEach(ArrayList.java:1511)
at org.testng.TestRunner.privateRun(TestRunner.java:794)
at org.testng.TestRunner.run(TestRunner.java:596)
at org.testng.SuiteRunner.runTest(SuiteRunner.java:377)
at org.testng.SuiteRunner.runSequentially(SuiteRunner.java:371)
at org.testng.SuiteRunner.privateRun(SuiteRunner.java:332)
at org.testng.SuiteRunner.run(SuiteRunner.java:276)
at org.testng.SuiteRunnerWorker.runSuite(SuiteRunnerWorker.java:53)
at org.testng.SuiteRunnerWorker.run(SuiteRunnerWorker.java:96)
at org.testng.TestNG.runSuitesSequentially(TestNG.java:1212)
at org.testng.TestNG.runSuitesLocally(TestNG.java:1134)
at org.testng.TestNG.runSuites(TestNG.java:1063)
at org.testng.TestNG.run(TestNG.java:1031)
at org.testng.remote.AbstractRemoteTestNG.run(AbstractRemoteTestNG.java:115)
at org.testng.remote.RemoteTestNG.initAndRun(RemoteTestNG.java:251)
at org.testng.remote.RemoteTestNG.main(RemoteTestNG.java:77)
]]>
    </failure>
  </testcase> <!-- CheckUserList -->
  <system-out/>
</testsuite> <!-- com.test.A -->
